<?xml version="1.0" encoding="UTF-8"?>
<!-- Generated by org.testng.reporters.JUnitReportReporter -->
<testsuite skipped="0" hostname="DESKTOP-7JETSFH" name="demovalidation.PostMethod" tests="1" failures="0" timestamp="2024-01-05T20:06:46 IST" time="6.573" errors="0">
  <testcase name="postTestIncident" time="6.573" classname="demovalidation.PostMethod"/>
  <system-out/>
</testsuite> <!-- demovalidation.PostMethod -->
