<?xml version="1.0" encoding="UTF-8"?>
<!-- Generated by org.testng.reporters.JUnitReportReporter -->
<testsuite skipped="0" hostname="DESKTOP-7JETSFH" name="utilities.ReadPropertiesData" tests="1" failures="0" timestamp="2023-12-25T23:24:01 IST" time="0.000" errors="0">
  <testcase name="readPropertiesData" time="0.000" classname="utilities.ReadPropertiesData"/>
  <system-out/>
</testsuite> <!-- utilities.ReadPropertiesData -->
