<?xml version="1.0" encoding="UTF-8"?>
<!-- Generated by org.testng.reporters.JUnitReportReporter -->
<testsuite skipped="0" hostname="DESKTOP-7JETSFH" name="test.GetMethod" tests="1" failures="0" timestamp="2023-12-30T17:12:45 IST" time="4.070" errors="0">
  <testcase name="getTestIncident" time="4.070" classname="test.GetMethod"/>
  <system-out/>
</testsuite> <!-- test.GetMethod -->
