<?xml version="1.0" encoding="UTF-8"?>
<!-- Generated by org.testng.reporters.JUnitReportReporter -->
<testsuite skipped="0" hostname="DESKTOP-7JETSFH" name="test.PutMethod" tests="1" failures="0" timestamp="2023-12-30T17:11:39 IST" time="2.343" errors="0">
  <testcase name="putTestIncident" time="2.343" classname="test.PutMethod"/>
  <system-out/>
</testsuite> <!-- test.PutMethod -->
