<?xml version="1.0" encoding="UTF-8"?>
<!-- Generated by org.testng.reporters.JUnitReportReporter -->
<testsuite skipped="0" hostname="DESKTOP-7JETSFH" name="demovalidation.GetMethod" tests="1" failures="0" timestamp="2024-01-05T17:14:52 IST" time="5.720" errors="0">
  <testcase name="getTestIncident" time="5.720" classname="demovalidation.GetMethod"/>
  <system-out/>
</testsuite> <!-- demovalidation.GetMethod -->
