<?xml version="1.0" encoding="UTF-8"?>
<!-- Generated by org.testng.reporters.JUnitReportReporter -->
<testsuite skipped="0" hostname="DESKTOP-7JETSFH" name="test.DeleteMethod" tests="1" failures="0" timestamp="2023-12-30T17:42:53 IST" time="5.031" errors="0">
  <testcase name="deleteTestIncident" time="5.031" classname="test.DeleteMethod"/>
  <system-out/>
</testsuite> <!-- test.DeleteMethod -->
