<?xml version="1.0" encoding="UTF-8"?>
<!-- Generated by org.testng.reporters.JUnitReportReporter -->
<testsuite skipped="0" hostname="DESKTOP-7JETSFH" name="test.PostMethod" tests="1" failures="0" timestamp="2023-12-30T17:42:53 IST" time="4.529" errors="0">
  <testcase name="postTestIncident" time="4.529" classname="test.PostMethod"/>
  <system-out/>
</testsuite> <!-- test.PostMethod -->
